<?xml version="1.0" encoding="UTF-8"?>
<testsuite name="ConverterTest" tests="1" skipped="0" failures="0" errors="0" timestamp="2020-12-15T17:46:52" hostname="VR" time="0.052">
  <properties/>
  <testcase name="start" classname="ConverterTest" time="0.052"/>
  <system-out><![CDATA[?[1;31m
Start test 1?[0m
42 = 0b101010
]]></system-out>
  <system-err><![CDATA[]]></system-err>
</testsuite>
